setting 'ivy.default.settings.dir' to 'jar:file:/C:/y_yoshida/bin/sbt-launcher-0.5.6.jar!/org/apache/ivy/core/settings'
setting 'ivy.basedir' to 'C:\y_yoshida\work\google\goatha\.'
setting 'ivy.default.conf.dir' to 'jar:file:/C:/y_yoshida/bin/sbt-launcher-0.5.6.jar!/org/apache/ivy/core/settings'
impossible to define new type: class not found: org.apache.ivy.plugins.trigger.LogTrigger in [] nor Ivy classloader
impossible to define new type: class not found: org.apache.ivy.plugins.resolver.VsftpResolver in [] nor Ivy classloader
impossible to define new type: class not found: org.apache.ivy.plugins.conflict.RegexpConflictManager in [] nor Ivy classloader
impossible to define new type: class not found: org.apache.ivy.plugins.resolver.SshResolver in [] nor Ivy classloader
impossible to define new type: class not found: org.apache.ivy.plugins.resolver.VfsResolver in [] nor Ivy classloader
impossible to define new type: class not found: org.apache.ivy.plugins.resolver.SFTPResolver in [] nor Ivy classloader
impossible to define new type: class not found: org.apache.ivy.plugins.resolver.packager.PackagerResolver in [] nor Ivy classloader
impossible to define new type: class not found: org.apache.ivy.ant.AntCallTrigger in [] nor Ivy classloader
impossible to define new type: class not found: org.apache.ivy.plugins.resolver.IvyRepResolver in [] nor Ivy classloader
impossible to define new type: class not found: org.apache.ivy.ant.AntBuildTrigger in [] nor Ivy classloader
impossible to define glob matcher: org.apache.ivy.plugins.matcher.GlobPatternMatcher was not found.
setting 'java.runtime.name' to 'Java(TM) SE Runtime Environment'
setting 'sun.boot.library.path' to 'C:\Program Files\Java\jre6\bin'
setting 'java.vm.version' to '14.3-b01'
setting 'java.vm.vendor' to 'Sun Microsystems Inc.'
setting 'java.vendor.url' to 'http://java.sun.com/'
setting 'path.separator' to ';'
setting 'java.vm.name' to 'Java HotSpot(TM) Client VM'
setting 'file.encoding.pkg' to 'sun.io'
setting 'sun.java.launcher' to 'SUN_STANDARD'
setting 'user.country' to 'JP'
setting 'sun.os.patch.level' to 'Service Pack 3'
setting 'java.vm.specification.name' to 'Java Virtual Machine Specification'
setting 'user.dir' to 'C:\y_yoshida\work\google\goatha'
setting 'java.runtime.version' to '1.6.0_17-b04'
setting 'java.awt.graphicsenv' to 'sun.awt.Win32GraphicsEnvironment'
setting 'java.endorsed.dirs' to 'C:\Program Files\Java\jre6\lib\endorsed'
setting 'os.arch' to 'x86'
setting 'java.io.tmpdir' to 'C:\DOCUME~1\Y_YOSH~1\LOCALS~1\Temp\'
setting 'line.separator' to '
'
setting 'java.vm.specification.vendor' to 'Sun Microsystems Inc.'
setting 'user.variant' to ''
setting 'os.name' to 'Windows XP'
setting 'sun.jnu.encoding' to 'MS932'
setting 'java.library.path' to 'C:\WINDOWS\system32;.;C:\WINDOWS\Sun\Java\bin;C:\WINDOWS\system32;C:\WINDOWS;C:\Program Files\liftweb\1.0.1\bin;C:\Program Files\liftweb\1.0.1/apache-maven/bin;c:\program files\imagemagick-6.2.8-q16;c:\program files\imagemagick-6.2.4-q16;C:\PROGRA~1\COMMON~1\Qualcomm\BTILDE~1\Host\bin;C:\WINDOWS\system32;C:\WINDOWS;C:\WINDOWS\System32\Wbem;c:\Program Files\Microsoft SQL Server\90\Tools\binn\;C:\Program Files\Mercurial;C:\WINDOWS\system32\WindowsPowerShell\v1.0;C:\Program Files\TortoiseSVN\bin;C:\Program Files\doxygen\bin;C:\Program Files\QuickTime\QTSystem\;c:\Program Files\Microsoft SQL Server\100\Tools\Binn\;c:\Program Files\Microsoft SQL Server\100\DTS\Binn\;C:\Program Files\Git\cmd;C:\Program Files\Git\bin;C:\Program Files\TortoiseGit\bin;C:\y_yoshida\bin;C:\y_yoshida\bin\php5;C:\cygwin\usr\local\bin;C:\cygwin\bin;C:\Program Files\Mercurial;C:/Program Files/JDK/1.6.0_17/bin;C:/Program Files/Scala/2.7.7/bin;C:/Program Files/Google/AppEngine/Java/1.2.6/bin;C:/Program Files/Apache/Maven/2.2.1/bin'
setting 'sbt.boot' to 'true'
setting 'java.specification.name' to 'Java Platform API Specification'
setting 'java.class.version' to '50.0'
setting 'sun.management.compiler' to 'HotSpot Client Compiler'
setting 'os.version' to '5.1'
setting 'user.home' to 'C:\Documents and Settings\y_yoshida'
setting 'user.timezone' to 'Asia/Tokyo'
setting 'scala.home' to 'C:\y_yoshida\work\google\goatha\project\boot\scala-2.7.7'
setting 'java.awt.printerjob' to 'sun.awt.windows.WPrinterJob'
setting 'file.encoding' to 'MS932'
setting 'java.specification.version' to '1.6'
setting 'java.class.path' to 'C:\y_yoshida\bin\sbt-launcher-0.5.6.jar'
setting 'user.name' to 'y_yoshida'
setting 'java.vm.specification.version' to '1.0'
setting 'java.home' to 'C:\Program Files\Java\jre6'
setting 'sun.arch.data.model' to '32'
setting 'user.language' to 'ja'
setting 'java.specification.vendor' to 'Sun Microsystems Inc.'
setting 'awt.toolkit' to 'sun.awt.windows.WToolkit'
setting 'java.vm.info' to 'mixed mode, sharing'
setting 'java.version' to '1.6.0_17'
setting 'java.ext.dirs' to 'C:\Program Files\Java\jre6\lib\ext;C:\WINDOWS\Sun\Java\lib\ext'
setting 'sun.boot.class.path' to 'C:\Program Files\Java\jre6\lib\resources.jar;C:\Program Files\Java\jre6\lib\rt.jar;C:\Program Files\Java\jre6\lib\sunrsasign.jar;C:\Program Files\Java\jre6\lib\jsse.jar;C:\Program Files\Java\jre6\lib\jce.jar;C:\Program Files\Java\jre6\lib\charsets.jar;C:\Program Files\Java\jre6\classes'
setting 'java.vendor' to 'Sun Microsystems Inc.'
setting 'file.separator' to '\'
setting 'java.vendor.url.bug' to 'http://java.sun.com/cgi-bin/bugreport.cgi'
setting 'sun.io.unicode.encoding' to 'UnicodeLittle'
setting 'sun.cpu.endian' to 'little'
setting 'sun.desktop' to 'windows'
setting 'sun.cpu.isalist' to 'pentium_pro+mmx pentium_pro pentium+mmx pentium i486 i386 i86'
setting 'ivy.default.ivy.user.dir' to 'C:\Documents and Settings\y_yoshida\.ivy2'
setting 'ivy.home' to 'C:\Documents and Settings\y_yoshida\.ivy2'
no default ivy user dir defined: set to C:\Documents and Settings\y_yoshida\.ivy2
setting 'ivy.cache.dir' to 'C:\Documents and Settings\y_yoshida\.ivy2\cache'
no default cache defined: set to C:\Documents and Settings\y_yoshida\.ivy2\cache
setting 'ivy.basedir' to 'C:\y_yoshida\work\google\goatha\project\boot\scala-2.7.7'
setting 'basedir' to 'C:\y_yoshida\work\google\goatha\project\boot\scala-2.7.7'
:: resolving dependencies :: sbt#boot;1.0
	confs: [default]
	validate = true
	refresh = false
resolving dependencies for configuration 'default'
== resolving dependencies for sbt#boot;1.0 [default]
loadData of sbt#boot;1.0 of rootConf=default
== resolving dependencies sbt#boot;1.0->org.scala-lang#scala-compiler;2.7.7 [default->default]
loadData of org.scala-lang#scala-compiler;2.7.7 of rootConf=default
	using redefined-public to resolve org.scala-lang#scala-compiler;2.7.7
redefined-public: Checking cache for: dependency: org.scala-lang#scala-compiler;2.7.7 {default=[default]}
redefined-public: no namespace defined: using system
No entry is found in the ModuleDescriptorCache : C:\Documents and Settings\y_yoshida\.ivy2\cache\org.scala-lang\scala-compiler\ivy-2.7.7.xml
installing class org.apache.ivy.util.url.IvyAuthenticator
pre 1.3 ivy file: using exactOrRegexp as default matcher
	found ivy file in cache for org.scala-lang#scala-compiler;2.7.7 (resolved by Maven Central): C:\Documents and Settings\y_yoshida\.ivy2\cache\org.scala-lang\scala-compiler\ivy-2.7.7.xml
redefined-public: module revision found in cache: org.scala-lang#scala-compiler;2.7.7
redefined-public: no latest strategy defined: using default
	found org.scala-lang#scala-compiler;2.7.7 in Maven Central
== resolving dependencies sbt#boot;1.0->org.scala-lang#scala-compiler;2.7.7 [default->runtime]
loadData of org.scala-lang#scala-compiler;2.7.7 of rootConf=default
== resolving dependencies sbt#boot;1.0->org.scala-lang#scala-compiler;2.7.7 [default->compile]
loadData of org.scala-lang#scala-compiler;2.7.7 of rootConf=default
== resolving dependencies org.scala-lang#scala-compiler;2.7.7->org.scala-lang#scala-library;2.7.7 [compile->master(*)]
loadData of org.scala-lang#scala-library;2.7.7 of rootConf=default
	using redefined-public to resolve org.scala-lang#scala-library;2.7.7
redefined-public: Checking cache for: dependency: org.scala-lang#scala-library;2.7.7 {compile=[compile(*), master(*)], runtime=[runtime(*)]}
No entry is found in the ModuleDescriptorCache : C:\Documents and Settings\y_yoshida\.ivy2\cache\org.scala-lang\scala-library\ivy-2.7.7.xml
pre 1.3 ivy file: using exactOrRegexp as default matcher
	found ivy file in cache for org.scala-lang#scala-library;2.7.7 (resolved by Maven Central): C:\Documents and Settings\y_yoshida\.ivy2\cache\org.scala-lang\scala-library\ivy-2.7.7.xml
redefined-public: module revision found in cache: org.scala-lang#scala-library;2.7.7
	found org.scala-lang#scala-library;2.7.7 in Maven Central
== resolving dependencies org.scala-lang#scala-compiler;2.7.7->org.scala-lang#scala-library;2.7.7 [compile->compile(*)]
loadData of org.scala-lang#scala-library;2.7.7 of rootConf=default
== resolving dependencies org.scala-lang#scala-compiler;2.7.7->org.scala-lang#scala-library;2.7.7 [compile->default]
loadData of org.scala-lang#scala-library;2.7.7 of rootConf=default
== resolving dependencies org.scala-lang#scala-compiler;2.7.7->org.scala-lang#scala-library;2.7.7 [compile->runtime]
loadData of org.scala-lang#scala-library;2.7.7 of rootConf=default
== resolving dependencies org.scala-lang#scala-compiler;2.7.7->org.scala-lang#scala-library;2.7.7 [compile->compile]
loadData of org.scala-lang#scala-library;2.7.7 of rootConf=default
== resolving dependencies org.scala-lang#scala-compiler;2.7.7->org.scala-lang#scala-library;2.7.7 [compile->master]
loadData of org.scala-lang#scala-library;2.7.7 of rootConf=default
== resolving dependencies org.scala-lang#scala-compiler;2.7.7->org.scala-lang#scala-library;2.7.7 [runtime->runtime(*)]
loadData of org.scala-lang#scala-library;2.7.7 of rootConf=default
== resolving dependencies org.scala-lang#scala-compiler;2.7.7->org.scala-lang#scala-library;2.7.7 [runtime->compile]
loadData of org.scala-lang#scala-library;2.7.7 of rootConf=default
default is loaded and no conf to load.  Skip loading
== resolving dependencies sbt#boot;1.0->org.scala-lang#scala-compiler;2.7.7 [default->master]
loadData of org.scala-lang#scala-compiler;2.7.7 of rootConf=default
== resolving dependencies sbt#boot;1.0->org.scala-lang#scala-library;2.7.7 [default->default]
loadData of org.scala-lang#scala-library;2.7.7 of rootConf=default
default is loaded and no conf to load.  Skip loading
== resolving dependencies sbt#boot;1.0->org.scala-lang#scala-library;2.7.7 [default->runtime]
loadData of org.scala-lang#scala-library;2.7.7 of rootConf=default
default is loaded and no conf to load.  Skip loading
== resolving dependencies sbt#boot;1.0->org.scala-lang#scala-library;2.7.7 [default->compile]
loadData of org.scala-lang#scala-library;2.7.7 of rootConf=default
default is loaded and no conf to load.  Skip loading
== resolving dependencies sbt#boot;1.0->org.scala-lang#scala-library;2.7.7 [default->master]
loadData of org.scala-lang#scala-library;2.7.7 of rootConf=default
default is loaded and no conf to load.  Skip loading
Nbr of module to sort : 2
Sort dependencies of : org.scala-lang#scala-compiler;2.7.7 / Number of dependencies = 1
Sort dependencies of : org.scala-lang#scala-library;2.7.7 / Number of dependencies = 0
Sort done for : org.scala-lang#scala-library;2.7.7
Sort done for : org.scala-lang#scala-compiler;2.7.7
Module descriptor is processed : org.scala-lang#scala-library;2.7.7
	resolved ivy file produced in C:\Documents and Settings\y_yoshida\.ivy2\cache\resolved-sbt-boot-1.0.xml
:: downloading artifacts ::
	[NOT REQUIRED] org.scala-lang#scala-compiler;2.7.7!scala-compiler.jar
	[NOT REQUIRED] org.scala-lang#scala-library;2.7.7!scala-library.jar
:: resolution report :: resolve 3394ms :: artifacts dl 16ms
Nbr of module to sort : 2
Sort dependencies of : org.scala-lang#scala-compiler;2.7.7 / Number of dependencies = 1
Sort dependencies of : org.scala-lang#scala-library;2.7.7 / Number of dependencies = 0
Sort done for : org.scala-lang#scala-library;2.7.7
Sort done for : org.scala-lang#scala-compiler;2.7.7
Module descriptor is processed : org.scala-lang#scala-library;2.7.7
	report for sbt#boot;1.0 default produced in C:\Documents and Settings\y_yoshida\.ivy2\cache\sbt-boot-default.xml
	resolve done (3394ms resolve - 16ms download)
:: retrieving :: sbt#boot
	checkUpToDate=true
no explicit confs given for retrieve, using ivy file: C:\Documents and Settings\y_yoshida\.ivy2\cache\resolved-sbt-boot-1.0.xml
using ivy parser to parse C:\Documents and Settings\y_yoshida\.ivy2\cache\resolved-sbt-boot-1.0.xml
pre 1.3 ivy file: using exactOrRegexp as default matcher
	confs: [default]
	retrieving C:\Documents and Settings\y_yoshida\.ivy2\cache\org.scala-lang\scala-compiler\jars\scala-compiler-2.7.7.jar
		to C:\y_yoshida\work\google\goatha\project\boot\scala-2.7.7\lib\scala-compiler.jar
	retrieving C:\Documents and Settings\y_yoshida\.ivy2\cache\org.scala-lang\scala-library\jars\scala-library-2.7.7.jar
		to C:\y_yoshida\work\google\goatha\project\boot\scala-2.7.7\lib\scala-library.jar
	2 artifacts copied, 0 already retrieved (9911kB/5099ms)
	retrieve done (5099ms)
setting 'ivy.default.settings.dir' to 'jar:file:/C:/y_yoshida/bin/sbt-launcher-0.5.6.jar!/org/apache/ivy/core/settings'
setting 'ivy.basedir' to 'C:\y_yoshida\work\google\goatha\.'
setting 'ivy.default.conf.dir' to 'jar:file:/C:/y_yoshida/bin/sbt-launcher-0.5.6.jar!/org/apache/ivy/core/settings'
impossible to define new type: class not found: org.apache.ivy.plugins.trigger.LogTrigger in [] nor Ivy classloader
impossible to define new type: class not found: org.apache.ivy.plugins.resolver.VsftpResolver in [] nor Ivy classloader
impossible to define new type: class not found: org.apache.ivy.plugins.conflict.RegexpConflictManager in [] nor Ivy classloader
impossible to define new type: class not found: org.apache.ivy.plugins.resolver.SshResolver in [] nor Ivy classloader
impossible to define new type: class not found: org.apache.ivy.plugins.resolver.VfsResolver in [] nor Ivy classloader
impossible to define new type: class not found: org.apache.ivy.plugins.resolver.SFTPResolver in [] nor Ivy classloader
impossible to define new type: class not found: org.apache.ivy.plugins.resolver.packager.PackagerResolver in [] nor Ivy classloader
impossible to define new type: class not found: org.apache.ivy.ant.AntCallTrigger in [] nor Ivy classloader
impossible to define new type: class not found: org.apache.ivy.plugins.resolver.IvyRepResolver in [] nor Ivy classloader
impossible to define new type: class not found: org.apache.ivy.ant.AntBuildTrigger in [] nor Ivy classloader
impossible to define glob matcher: org.apache.ivy.plugins.matcher.GlobPatternMatcher was not found.
setting 'java.runtime.name' to 'Java(TM) SE Runtime Environment'
setting 'sun.boot.library.path' to 'C:\Program Files\Java\jre6\bin'
setting 'java.vm.version' to '14.3-b01'
setting 'java.vm.vendor' to 'Sun Microsystems Inc.'
setting 'java.vendor.url' to 'http://java.sun.com/'
setting 'path.separator' to ';'
setting 'java.vm.name' to 'Java HotSpot(TM) Client VM'
setting 'file.encoding.pkg' to 'sun.io'
setting 'sun.java.launcher' to 'SUN_STANDARD'
setting 'user.country' to 'JP'
setting 'sun.os.patch.level' to 'Service Pack 3'
setting 'java.vm.specification.name' to 'Java Virtual Machine Specification'
setting 'user.dir' to 'C:\y_yoshida\work\google\goatha'
setting 'java.runtime.version' to '1.6.0_17-b04'
setting 'java.awt.graphicsenv' to 'sun.awt.Win32GraphicsEnvironment'
setting 'java.endorsed.dirs' to 'C:\Program Files\Java\jre6\lib\endorsed'
setting 'os.arch' to 'x86'
setting 'java.io.tmpdir' to 'C:\DOCUME~1\Y_YOSH~1\LOCALS~1\Temp\'
setting 'line.separator' to '
'
setting 'java.vm.specification.vendor' to 'Sun Microsystems Inc.'
setting 'user.variant' to ''
setting 'os.name' to 'Windows XP'
setting 'sun.jnu.encoding' to 'MS932'
setting 'java.library.path' to 'C:\WINDOWS\system32;.;C:\WINDOWS\Sun\Java\bin;C:\WINDOWS\system32;C:\WINDOWS;C:\Program Files\liftweb\1.0.1\bin;C:\Program Files\liftweb\1.0.1/apache-maven/bin;c:\program files\imagemagick-6.2.8-q16;c:\program files\imagemagick-6.2.4-q16;C:\PROGRA~1\COMMON~1\Qualcomm\BTILDE~1\Host\bin;C:\WINDOWS\system32;C:\WINDOWS;C:\WINDOWS\System32\Wbem;c:\Program Files\Microsoft SQL Server\90\Tools\binn\;C:\Program Files\Mercurial;C:\WINDOWS\system32\WindowsPowerShell\v1.0;C:\Program Files\TortoiseSVN\bin;C:\Program Files\doxygen\bin;C:\Program Files\QuickTime\QTSystem\;c:\Program Files\Microsoft SQL Server\100\Tools\Binn\;c:\Program Files\Microsoft SQL Server\100\DTS\Binn\;C:\Program Files\Git\cmd;C:\Program Files\Git\bin;C:\Program Files\TortoiseGit\bin;C:\y_yoshida\bin;C:\y_yoshida\bin\php5;C:\cygwin\usr\local\bin;C:\cygwin\bin;C:\Program Files\Mercurial;C:/Program Files/JDK/1.6.0_17/bin;C:/Program Files/Scala/2.7.7/bin;C:/Program Files/Google/AppEngine/Java/1.2.6/bin;C:/Program Files/Apache/Maven/2.2.1/bin'
setting 'sbt.boot' to 'true'
setting 'java.specification.name' to 'Java Platform API Specification'
setting 'java.class.version' to '50.0'
setting 'sun.management.compiler' to 'HotSpot Client Compiler'
setting 'os.version' to '5.1'
setting 'user.home' to 'C:\Documents and Settings\y_yoshida'
setting 'user.timezone' to 'Asia/Tokyo'
setting 'scala.home' to 'C:\y_yoshida\work\google\goatha\project\boot\scala-2.7.7'
setting 'java.awt.printerjob' to 'sun.awt.windows.WPrinterJob'
setting 'file.encoding' to 'MS932'
setting 'java.specification.version' to '1.6'
setting 'java.class.path' to 'C:\y_yoshida\bin\sbt-launcher-0.5.6.jar'
setting 'user.name' to 'y_yoshida'
setting 'java.vm.specification.version' to '1.0'
setting 'java.home' to 'C:\Program Files\Java\jre6'
setting 'sun.arch.data.model' to '32'
setting 'user.language' to 'ja'
setting 'java.specification.vendor' to 'Sun Microsystems Inc.'
setting 'awt.toolkit' to 'sun.awt.windows.WToolkit'
setting 'java.vm.info' to 'mixed mode, sharing'
setting 'java.version' to '1.6.0_17'
setting 'java.ext.dirs' to 'C:\Program Files\Java\jre6\lib\ext;C:\WINDOWS\Sun\Java\lib\ext'
setting 'sun.boot.class.path' to 'C:\Program Files\Java\jre6\lib\resources.jar;C:\Program Files\Java\jre6\lib\rt.jar;C:\Program Files\Java\jre6\lib\sunrsasign.jar;C:\Program Files\Java\jre6\lib\jsse.jar;C:\Program Files\Java\jre6\lib\jce.jar;C:\Program Files\Java\jre6\lib\charsets.jar;C:\Program Files\Java\jre6\classes'
setting 'java.vendor' to 'Sun Microsystems Inc.'
setting 'file.separator' to '\'
setting 'java.vendor.url.bug' to 'http://java.sun.com/cgi-bin/bugreport.cgi'
setting 'sun.io.unicode.encoding' to 'UnicodeLittle'
setting 'sun.cpu.endian' to 'little'
setting 'sun.desktop' to 'windows'
setting 'sun.cpu.isalist' to 'pentium_pro+mmx pentium_pro pentium+mmx pentium i486 i386 i86'
setting 'ivy.default.ivy.user.dir' to 'C:\Documents and Settings\y_yoshida\.ivy2'
setting 'ivy.home' to 'C:\Documents and Settings\y_yoshida\.ivy2'
no default ivy user dir defined: set to C:\Documents and Settings\y_yoshida\.ivy2
setting 'ivy.cache.dir' to 'C:\Documents and Settings\y_yoshida\.ivy2\cache'
no default cache defined: set to C:\Documents and Settings\y_yoshida\.ivy2\cache
setting 'ivy.basedir' to 'C:\y_yoshida\work\google\goatha\project\boot\scala-2.7.7'
setting 'basedir' to 'C:\y_yoshida\work\google\goatha\project\boot\scala-2.7.7'
:: resolving dependencies :: sbt#boot;1.0
	confs: [default]
	validate = true
	refresh = false
resolving dependencies for configuration 'default'
== resolving dependencies for sbt#boot;1.0 [default]
loadData of sbt#boot;1.0 of rootConf=default
== resolving dependencies sbt#boot;1.0->sbt#simple-build-tool;0.5.6 [default->2.7.7]
loadData of sbt#simple-build-tool;0.5.6 of rootConf=default
	using redefined-public to resolve sbt#simple-build-tool;0.5.6
redefined-public: Checking cache for: dependency: sbt#simple-build-tool;0.5.6 {default=[2.7.7]}
redefined-public: no namespace defined: using system
No entry is found in the ModuleDescriptorCache : C:\Documents and Settings\y_yoshida\.ivy2\cache\sbt\simple-build-tool\ivy-0.5.6.xml
pre 1.3 ivy file: using exactOrRegexp as default matcher
	found ivy file in cache for sbt#simple-build-tool;0.5.6 (resolved by Sbt Repository): C:\Documents and Settings\y_yoshida\.ivy2\cache\sbt\simple-build-tool\ivy-0.5.6.xml
redefined-public: module revision found in cache: sbt#simple-build-tool;0.5.6
redefined-public: no latest strategy defined: using default
	found sbt#simple-build-tool;0.5.6 in Sbt Repository
== resolving dependencies sbt#boot;1.0->sbt#simple-build-tool;0.5.6 [default->base]
loadData of sbt#simple-build-tool;0.5.6 of rootConf=default
== resolving dependencies sbt#simple-build-tool;0.5.6->org.apache.ivy#ivy;2.0.0 [base->default]
loadData of org.apache.ivy#ivy;2.0.0 of rootConf=default
	using redefined-public to resolve org.apache.ivy#ivy;2.0.0
redefined-public: Checking cache for: dependency: org.apache.ivy#ivy;2.0.0 {base=[default]}
No entry is found in the ModuleDescriptorCache : C:\Documents and Settings\y_yoshida\.ivy2\cache\org.apache.ivy\ivy\ivy-2.0.0.xml
pre 1.3 ivy file: using exactOrRegexp as default matcher
	found ivy file in cache for org.apache.ivy#ivy;2.0.0 (resolved by Maven Central): C:\Documents and Settings\y_yoshida\.ivy2\cache\org.apache.ivy\ivy\ivy-2.0.0.xml
redefined-public: module revision found in cache: org.apache.ivy#ivy;2.0.0
	found org.apache.ivy#ivy;2.0.0 in Maven Central
== resolving dependencies sbt#simple-build-tool;0.5.6->org.apache.ivy#ivy;2.0.0 [base->runtime]
loadData of org.apache.ivy#ivy;2.0.0 of rootConf=default
== resolving dependencies sbt#simple-build-tool;0.5.6->org.apache.ivy#ivy;2.0.0 [base->compile]
loadData of org.apache.ivy#ivy;2.0.0 of rootConf=default
== resolving dependencies sbt#simple-build-tool;0.5.6->org.apache.ivy#ivy;2.0.0 [base->master]
loadData of org.apache.ivy#ivy;2.0.0 of rootConf=default
== resolving dependencies sbt#simple-build-tool;0.5.6->com.jcraft#jsch;0.1.31 [base->default]
loadData of com.jcraft#jsch;0.1.31 of rootConf=default
	using redefined-public to resolve com.jcraft#jsch;0.1.31
redefined-public: Checking cache for: dependency: com.jcraft#jsch;0.1.31 {base=[default]}
No entry is found in the ModuleDescriptorCache : C:\Documents and Settings\y_yoshida\.ivy2\cache\com.jcraft\jsch\ivy-0.1.31.xml
pre 1.3 ivy file: using exactOrRegexp as default matcher
	found ivy file in cache for com.jcraft#jsch;0.1.31 (resolved by Maven Central): C:\Documents and Settings\y_yoshida\.ivy2\cache\com.jcraft\jsch\ivy-0.1.31.xml
redefined-public: module revision found in cache: com.jcraft#jsch;0.1.31
	found com.jcraft#jsch;0.1.31 in Maven Central
== resolving dependencies sbt#simple-build-tool;0.5.6->com.jcraft#jsch;0.1.31 [base->runtime]
loadData of com.jcraft#jsch;0.1.31 of rootConf=default
== resolving dependencies sbt#simple-build-tool;0.5.6->com.jcraft#jsch;0.1.31 [base->compile]
loadData of com.jcraft#jsch;0.1.31 of rootConf=default
== resolving dependencies sbt#simple-build-tool;0.5.6->com.jcraft#jsch;0.1.31 [base->master]
loadData of com.jcraft#jsch;0.1.31 of rootConf=default
Nbr of module to sort : 3
Sort dependencies of : sbt#simple-build-tool;0.5.6 / Number of dependencies = 2
Sort dependencies of : org.apache.ivy#ivy;2.0.0 / Number of dependencies = 13
Sort dependencies of : com.jcraft#jsch;0.1.31 / Number of dependencies = 1
Sort done for : com.jcraft#jsch;0.1.31
Sort done for : org.apache.ivy#ivy;2.0.0
Module descriptor is processed : com.jcraft#jsch;0.1.31
Sort done for : sbt#simple-build-tool;0.5.6
Module descriptor is processed : org.apache.ivy#ivy;2.0.0
Module descriptor is processed : com.jcraft#jsch;0.1.31
	resolved ivy file produced in C:\Documents and Settings\y_yoshida\.ivy2\cache\resolved-sbt-boot-1.0.xml
:: downloading artifacts ::
	[NOT REQUIRED] sbt#simple-build-tool;0.5.6!sbt_2.7.7.jar
	[NOT REQUIRED] org.apache.ivy#ivy;2.0.0!ivy.jar
	[NOT REQUIRED] com.jcraft#jsch;0.1.31!jsch.jar
:: resolution report :: resolve 578ms :: artifacts dl 32ms
Nbr of module to sort : 3
Sort dependencies of : sbt#simple-build-tool;0.5.6 / Number of dependencies = 2
Sort dependencies of : org.apache.ivy#ivy;2.0.0 / Number of dependencies = 13
Sort dependencies of : com.jcraft#jsch;0.1.31 / Number of dependencies = 1
Sort done for : com.jcraft#jsch;0.1.31
Sort done for : org.apache.ivy#ivy;2.0.0
Module descriptor is processed : com.jcraft#jsch;0.1.31
Sort done for : sbt#simple-build-tool;0.5.6
Module descriptor is processed : org.apache.ivy#ivy;2.0.0
Module descriptor is processed : com.jcraft#jsch;0.1.31
	report for sbt#boot;1.0 default produced in C:\Documents and Settings\y_yoshida\.ivy2\cache\sbt-boot-default.xml
	resolve done (578ms resolve - 32ms download)
:: retrieving :: sbt#boot
	checkUpToDate=true
no explicit confs given for retrieve, using ivy file: C:\Documents and Settings\y_yoshida\.ivy2\cache\resolved-sbt-boot-1.0.xml
using ivy parser to parse C:\Documents and Settings\y_yoshida\.ivy2\cache\resolved-sbt-boot-1.0.xml
pre 1.3 ivy file: using exactOrRegexp as default matcher
	confs: [default]
	retrieving C:\Documents and Settings\y_yoshida\.ivy2\cache\com.jcraft\jsch\jars\jsch-0.1.31.jar
		to C:\y_yoshida\work\google\goatha\project\boot\scala-2.7.7\sbt-0.5.6\jsch-0.1.31.jar
	retrieving C:\Documents and Settings\y_yoshida\.ivy2\cache\sbt\simple-build-tool\jars\sbt_2.7.7-0.5.6.jar
		to C:\y_yoshida\work\google\goatha\project\boot\scala-2.7.7\sbt-0.5.6\sbt_2.7.7-0.5.6.jar
	retrieving C:\Documents and Settings\y_yoshida\.ivy2\cache\org.apache.ivy\ivy\jars\ivy-2.0.0.jar
		to C:\y_yoshida\work\google\goatha\project\boot\scala-2.7.7\sbt-0.5.6\ivy-2.0.0.jar
	3 artifacts copied, 0 already retrieved (3409kB/3160ms)
	retrieve done (3160ms)
